<?xml version="1.0" encoding="UTF-8"?>
<testsuite name="cisco.mim.MimTest" tests="9" skipped="0" failures="0" errors="0" timestamp="2021-09-19T20:19:43" hostname="DESKTOP-GCHLMUA" time="0.883">
  <properties/>
  <testcase name="testKeyEnd_VE()" classname="cisco.mim.MimTest" time="0.416"/>
  <testcase name="testResetText()" classname="cisco.mim.MimTest" time="0.041"/>
  <testcase name="testKey_$()" classname="cisco.mim.MimTest" time="0.072"/>
  <testcase name="testKey_0()" classname="cisco.mim.MimTest" time="0.06"/>
  <testcase name="testKey_E()" classname="cisco.mim.MimTest" time="0.041"/>
  <testcase name="testKey_Invalid()" classname="cisco.mim.MimTest" time="0.05"/>
  <testcase name="testKeyEnd_E()" classname="cisco.mim.MimTest" time="0.051"/>
  <testcase name="testKey_TW()" classname="cisco.mim.MimTest" time="0.059"/>
  <testcase name="testKey_VE()" classname="cisco.mim.MimTest" time="0.073"/>
  <system-out><![CDATA[]]></system-out>
  <system-err><![CDATA[]]></system-err>
</testsuite>
