<?xml version="1.0" encoding="UTF-8"?>
<testsuite name="cisco.mim.MimTest" tests="11" skipped="0" failures="0" errors="0" timestamp="2021-09-20T22:02:36" hostname="DESKTOP-GCHLMUA" time="0.977">
  <properties/>
  <testcase name="testKeyEnd_VE()" classname="cisco.mim.MimTest" time="0.569"/>
  <testcase name="testResetText()" classname="cisco.mim.MimTest" time="0.052"/>
  <testcase name="testKey_VTW()" classname="cisco.mim.MimTest" time="0.036"/>
  <testcase name="testKey_$()" classname="cisco.mim.MimTest" time="0.036"/>
  <testcase name="testKey_0()" classname="cisco.mim.MimTest" time="0.031"/>
  <testcase name="testKey_E()" classname="cisco.mim.MimTest" time="0.045"/>
  <testcase name="testKey_Invalid()" classname="cisco.mim.MimTest" time="0.042"/>
  <testcase name="testKeyEnd_E()" classname="cisco.mim.MimTest" time="0.032"/>
  <testcase name="testKey_TW()" classname="cisco.mim.MimTest" time="0.035"/>
  <testcase name="testKey_V$()" classname="cisco.mim.MimTest" time="0.041"/>
  <testcase name="testKey_VE()" classname="cisco.mim.MimTest" time="0.032"/>
  <system-out><![CDATA[]]></system-out>
  <system-err><![CDATA[]]></system-err>
</testsuite>
